
Showing logs for build [32mhgautam-terraform-master-cmsqh-1[0m stage [32mfrom-build-pack[0m and container [32mstep-credential-initializer-5vthp[0m
{"level":"info","ts":1594745909.6638472,"logger":"fallback-logger","caller":"logging/config.go:69","msg":"Fetch GitHub commit ID from kodata failed: open /var/run/ko/refs/heads/0.8.0-ns-support: no such file or directory"}
{"level":"info","ts":1594745909.664355,"logger":"fallback-logger","caller":"creds-init/main.go:40","msg":"Credentials initialized."}

Showing logs for build [32mhgautam-terraform-master-cmsqh-1[0m stage [32mfrom-build-pack[0m and container [32mstep-working-dir-initializer-ftv9j[0m
{"level":"info","ts":1594745910.4353085,"logger":"fallback-logger","caller":"logging/config.go:69","msg":"Fetch GitHub commit ID from kodata failed: open /var/run/ko/HEAD: no such file or directory"}
{"level":"info","ts":1594745910.4365637,"logger":"fallback-logger","caller":"bash/main.go:64","msg":"Successfully executed command \"sh -c mkdir -p /workspace/source\"; output "}

Showing logs for build [32mhgautam-terraform-master-cmsqh-1[0m stage [32mfrom-build-pack[0m and container [32mstep-place-tools[0m

Showing logs for build [32mhgautam-terraform-master-cmsqh-1[0m stage [32mfrom-build-pack[0m and container [32mstep-git-source-hgautam-terraform-master-cmsqh-pvz4z[0m
{"level":"info","ts":1594745950.4464157,"logger":"fallback-logger","caller":"logging/config.go:69","msg":"Fetch GitHub commit ID from kodata failed: open /var/run/ko/refs/heads/0.8.0-ns-support: no such file or directory"}
{"level":"info","ts":1594745951.1591957,"logger":"fallback-logger","caller":"git/git.go:103","msg":"Successfully cloned https://github.com/*******/terraform.git @ v0.0.2 in path /workspace/source"}

Showing logs for build [32mhgautam-terraform-master-cmsqh-1[0m stage [32mfrom-build-pack[0m and container [32mstep-setup-builder-home[0m

Showing logs for build [32mhgautam-terraform-master-cmsqh-1[0m stage [32mfrom-build-pack[0m and container [32mstep-git-merge[0m
Using SHAs from PULL_REFS=master:
WARNING: no SHAs to merge, falling back to initial cloned commit

Showing logs for build [32mhgautam-terraform-master-cmsqh-1[0m stage [32mfrom-build-pack[0m and container [32mstep-setup-jx-git-credentials[0m
Generated Git credentials file /builder/home/git/credentials

Showing logs for build [32mhgautam-terraform-master-cmsqh-1[0m stage [32mfrom-build-pack[0m and container [32mstep-build-dummy-release[0m
Terraform v0.12.17

Your version of Terraform is out of date! The latest version
is 0.12.28. You can update by downloading from https://www.terraform.io/downloads.html
