
Showing logs for build [32mmeta-hgautam-terraform-master-r-wcpqn-10[0m stage [32mmeta-pipeline[0m and container [32mstep-credential-initializer-zqj8b[0m
{"level":"info","ts":1594692511.881114,"logger":"fallback-logger","caller":"logging/config.go:69","msg":"Fetch GitHub commit ID from kodata failed: open /var/run/ko/refs/heads/0.8.0-ns-support: no such file or directory"}
{"level":"info","ts":1594692511.8820665,"logger":"fallback-logger","caller":"creds-init/main.go:40","msg":"Credentials initialized."}

Showing logs for build [32mmeta-hgautam-terraform-master-r-wcpqn-10[0m stage [32mmeta-pipeline[0m and container [32mstep-working-dir-initializer-74mf4[0m
{"level":"info","ts":1594692512.313895,"logger":"fallback-logger","caller":"logging/config.go:69","msg":"Fetch GitHub commit ID from kodata failed: open /var/run/ko/HEAD: no such file or directory"}
{"level":"info","ts":1594692512.3156917,"logger":"fallback-logger","caller":"bash/main.go:64","msg":"Successfully executed command \"sh -c mkdir -p /workspace/source\"; output "}

Showing logs for build [32mmeta-hgautam-terraform-master-r-wcpqn-10[0m stage [32mmeta-pipeline[0m and container [32mstep-place-tools[0m

Showing logs for build [32mmeta-hgautam-terraform-master-r-wcpqn-10[0m stage [32mmeta-pipeline[0m and container [32mstep-git-source-meta-hgautam-terraform-master-r-wcpqn-xvlxf[0m
{"level":"info","ts":1594692518.4130154,"logger":"fallback-logger","caller":"logging/config.go:69","msg":"Fetch GitHub commit ID from kodata failed: open /var/run/ko/refs/heads/0.8.0-ns-support: no such file or directory"}
{"level":"info","ts":1594692519.0169425,"logger":"fallback-logger","caller":"git/git.go:103","msg":"Successfully cloned https://github.com/*******/terraform.git @ 60b7bac3648843908576c310f1a8859d431479fb in path /workspace/source"}

Showing logs for build [32mmeta-hgautam-terraform-master-r-wcpqn-10[0m stage [32mmeta-pipeline[0m and container [32mstep-setup-builder-home[0m

Showing logs for build [32mmeta-hgautam-terraform-master-r-wcpqn-10[0m stage [32mmeta-pipeline[0m and container [32mstep-git-merge[0m
Using SHAs from PULL_REFS=master:60b7bac3648843908576c310f1a8859d431479fb
WARNING: no SHAs to merge, falling back to initial cloned commit

Showing logs for build [32mmeta-hgautam-terraform-master-r-wcpqn-10[0m stage [32mmeta-pipeline[0m and container [32mstep-merge-pull-refs[0m
SKIP merge-pull-refs: Nothing to merge

Showing logs for build [32mmeta-hgautam-terraform-master-r-wcpqn-10[0m stage [32mmeta-pipeline[0m and container [32mstep-create-effective-pipeline[0m
error: failed to fetch master from github.com/*******/hcl-buildpack in directory /builder/home/.**/draft/packs/github.com/*******/hcl-buildpack: git output: fatal: 'github.com/*******/hcl-buildpack' does not appear to be a git repository
fatal: Could not read from remote repository.

Please make sure you have the correct access rights
and the repository exists.: failed to run 'git fetch origin master' command in directory '/builder/home/.**/draft/packs/github.com/*******/hcl-buildpack', output: 'fatal: 'github.com/*******/hcl-buildpack' does not appear to be a git repository
fatal: Could not read from remote repository.

Please make sure you have the correct access rights
and the repository exists.'
[31m
Pipeline failed on stage 'meta-pipeline' : container 'step-create-effective-pipeline'. The execution of the pipeline has stopped.[0m
