
Showing logs for build [32mmeta-hgautam-terraform-master-r-z6k96-8[0m stage [32mmeta-pipeline[0m and container [32mstep-credential-initializer-qw4w6[0m
{"level":"info","ts":1594688748.6954548,"logger":"fallback-logger","caller":"logging/config.go:69","msg":"Fetch GitHub commit ID from kodata failed: open /var/run/ko/refs/heads/0.8.0-ns-support: no such file or directory"}
{"level":"info","ts":1594688748.6961517,"logger":"fallback-logger","caller":"creds-init/main.go:40","msg":"Credentials initialized."}

Showing logs for build [32mmeta-hgautam-terraform-master-r-z6k96-8[0m stage [32mmeta-pipeline[0m and container [32mstep-working-dir-initializer-r794b[0m
{"level":"info","ts":1594688750.0151947,"logger":"fallback-logger","caller":"logging/config.go:69","msg":"Fetch GitHub commit ID from kodata failed: open /var/run/ko/HEAD: no such file or directory"}
{"level":"info","ts":1594688750.0164044,"logger":"fallback-logger","caller":"bash/main.go:64","msg":"Successfully executed command \"sh -c mkdir -p /workspace/source\"; output "}

Showing logs for build [32mmeta-hgautam-terraform-master-r-z6k96-8[0m stage [32mmeta-pipeline[0m and container [32mstep-place-tools[0m

Showing logs for build [32mmeta-hgautam-terraform-master-r-z6k96-8[0m stage [32mmeta-pipeline[0m and container [32mstep-git-source-meta-hgautam-terraform-master-r-z6k96-pvfx9[0m
{"level":"info","ts":1594688756.1821735,"logger":"fallback-logger","caller":"logging/config.go:69","msg":"Fetch GitHub commit ID from kodata failed: open /var/run/ko/refs/heads/0.8.0-ns-support: no such file or directory"}
{"level":"info","ts":1594688756.849833,"logger":"fallback-logger","caller":"git/git.go:103","msg":"Successfully cloned https://github.com/*******/terraform.git @ cbf4237e7261326fb48c04962c8b95a99462c674 in path /workspace/source"}

Showing logs for build [32mmeta-hgautam-terraform-master-r-z6k96-8[0m stage [32mmeta-pipeline[0m and container [32mstep-setup-builder-home[0m

Showing logs for build [32mmeta-hgautam-terraform-master-r-z6k96-8[0m stage [32mmeta-pipeline[0m and container [32mstep-git-merge[0m
Using SHAs from PULL_REFS=master:cbf4237e7261326fb48c04962c8b95a99462c674
WARNING: no SHAs to merge, falling back to initial cloned commit

Showing logs for build [32mmeta-hgautam-terraform-master-r-z6k96-8[0m stage [32mmeta-pipeline[0m and container [32mstep-merge-pull-refs[0m
SKIP merge-pull-refs: Nothing to merge

Showing logs for build [32mmeta-hgautam-terraform-master-r-z6k96-8[0m stage [32mmeta-pipeline[0m and container [32mstep-create-effective-pipeline[0m
error: no build pack for mypack exists at directory /builder/home/.**/draft/packs/github.com/jenkins-x-buildpacks/jenkins-x-kubernetes/packs/mypack
[31m
Pipeline failed on stage 'meta-pipeline' : container 'step-create-effective-pipeline'. The execution of the pipeline has stopped.[0m
