
Showing logs for build [32mmeta-hgautam-terraform-master-9hs68-9[0m stage [32mmeta-pipeline[0m and container [32mstep-credential-initializer-d5d2j[0m
{"level":"info","ts":1594689198.2946472,"logger":"fallback-logger","caller":"logging/config.go:69","msg":"Fetch GitHub commit ID from kodata failed: open /var/run/ko/refs/heads/0.8.0-ns-support: no such file or directory"}
{"level":"info","ts":1594689198.2952428,"logger":"fallback-logger","caller":"creds-init/main.go:40","msg":"Credentials initialized."}

Showing logs for build [32mmeta-hgautam-terraform-master-9hs68-9[0m stage [32mmeta-pipeline[0m and container [32mstep-working-dir-initializer-7xgzc[0m
{"level":"info","ts":1594689199.3070972,"logger":"fallback-logger","caller":"logging/config.go:69","msg":"Fetch GitHub commit ID from kodata failed: open /var/run/ko/HEAD: no such file or directory"}
{"level":"info","ts":1594689199.3095562,"logger":"fallback-logger","caller":"bash/main.go:64","msg":"Successfully executed command \"sh -c mkdir -p /workspace/source\"; output "}

Showing logs for build [32mmeta-hgautam-terraform-master-9hs68-9[0m stage [32mmeta-pipeline[0m and container [32mstep-place-tools[0m

Showing logs for build [32mmeta-hgautam-terraform-master-9hs68-9[0m stage [32mmeta-pipeline[0m and container [32mstep-git-source-meta-hgautam-terraform-master-9hs68-9tflh[0m
{"level":"info","ts":1594689205.4282074,"logger":"fallback-logger","caller":"logging/config.go:69","msg":"Fetch GitHub commit ID from kodata failed: open /var/run/ko/refs/heads/0.8.0-ns-support: no such file or directory"}
{"level":"info","ts":1594689206.1002083,"logger":"fallback-logger","caller":"git/git.go:103","msg":"Successfully cloned https://github.com/*******/terraform.git @ master in path /workspace/source"}

Showing logs for build [32mmeta-hgautam-terraform-master-9hs68-9[0m stage [32mmeta-pipeline[0m and container [32mstep-setup-builder-home[0m

Showing logs for build [32mmeta-hgautam-terraform-master-9hs68-9[0m stage [32mmeta-pipeline[0m and container [32mstep-git-merge[0m
Using SHAs from PULL_REFS=master:
WARNING: no SHAs to merge, falling back to initial cloned commit

Showing logs for build [32mmeta-hgautam-terraform-master-9hs68-9[0m stage [32mmeta-pipeline[0m and container [32mstep-merge-pull-refs[0m
SKIP merge-pull-refs: Nothing to merge

Showing logs for build [32mmeta-hgautam-terraform-master-9hs68-9[0m stage [32mmeta-pipeline[0m and container [32mstep-create-effective-pipeline[0m
error: no build pack for mypack exists at directory /builder/home/.**/draft/packs/github.com/jenkins-x-buildpacks/jenkins-x-kubernetes/packs/mypack
[31m
Pipeline failed on stage 'meta-pipeline' : container 'step-create-effective-pipeline'. The execution of the pipeline has stopped.[0m
